2022-10-31 22:38:53 -  TransactionType:  -  TransID: N7J8ROBFA6 -  TransAmount: 600 -  OrgAccountBalance:  -  FirstName: John
2022-10-31 22:39:29 -  TransactionType:  -  TransID: U8I2C5E3BK -  TransAmount: 600 -  OrgAccountBalance:  -  FirstName: John
2022-11-04 19:07:48 -  TransactionType: Pay Bill -  TransID: RKTQDM7W6S -  TransAmount: 10 -  OrgAccountBalance: 49197.00 -  FirstName: John
2022-11-04 21:03:29 -  TransactionType: Pay Bill -  TransID: RKTQDM7W6S -  TransAmount: 10 -  OrgAccountBalance: 49197.00 -  FirstName: John
2022-11-04 21:03:40 -  TransactionType: Pay Bill -  TransID: RKTQDM7W6S -  TransAmount: 10 -  OrgAccountBalance: 49197.00 -  FirstName: John
2022-11-04 21:05:14 -  TransactionType: Pay Bill -  TransID: RKTQDM7W6S -  TransAmount: 10 -  OrgAccountBalance: 49197.00 -  FirstName: John
2022-11-04 21:07:30 -  TransactionType: Pay Bill -  TransID: RKTQDM7W6S -  TransAmount: 10 -  OrgAccountBalance: 49197.00 -  FirstName: John
2022-11-04 21:07:54 -  TransactionType: Pay Bill -  TransID: RKTQDM7W6S -  TransAmount: 10 -  OrgAccountBalance: 49197.00 -  FirstName: John
2022-11-04 21:09:06 -  TransactionType: Pay Bill -  TransID: RKTQDM7W6S -  TransAmount: 10 -  OrgAccountBalance: 49197.00 -  FirstName: John
2022-11-04 21:09:35 -  TransactionType: Pay Bill -  TransID: RKTQDM7W6S -  TransAmount: 10 -  OrgAccountBalance: 49197.00 -  FirstName: John
2022-11-04 21:09:58 -  TransactionType: Pay Bill -  TransID: RKTQDM7W6S -  TransAmount: 10 -  OrgAccountBalance: 49197.00 -  FirstName: John
2022-11-04 21:11:33 -  TransactionType: Pay Bill -  TransID: RKTQDM7W6S -  TransAmount: 10 -  OrgAccountBalance: 49197.00 -  FirstName: John
2022-11-04 21:12:58 -  TransactionType: Pay Bill -  TransID: RKTQDM7W6S -  TransAmount: 10 -  OrgAccountBalance: 49197.00 -  FirstName: John
2022-11-04 21:13:35 -  TransactionType: Pay Bill -  TransID: RKTQDM7W6S -  TransAmount: 10 -  OrgAccountBalance: 49197.00 -  FirstName: John
2022-11-04 21:17:00 -  TransactionType: Pay Bill -  TransID: RKTQDM7W6S -  TransAmount: 10 -  OrgAccountBalance: 49197.00 -  FirstName: John
2022-11-04 21:17:43 -  TransactionType: Pay Bill -  TransID: RKTQDM7W6S -  TransAmount: 10 -  OrgAccountBalance: 49197.00 -  FirstName: John
2022-11-04 21:19:13 -  TransactionType: Pay Bill -  TransID: RKTQDM7W6S -  TransAmount: 10 -  OrgAccountBalance: 49197.00 -  FirstName: John
2022-11-04 21:19:31 -  TransactionType: Pay Bill -  TransID: RKTQDM7W6S -  TransAmount: 10 -  OrgAccountBalance: 49197.00 -  FirstName: John
2022-11-04 21:19:59 -  TransactionType: Pay Bill -  TransID: RKTQDM7W6S -  TransAmount: 10 -  OrgAccountBalance: 49197.00 -  FirstName: John
2022-11-05 05:54:02 -  TransactionType: Pay Bill -  TransID: RKTQDM7W6S -  TransAmount: 10 -  OrgAccountBalance: 49197.00 -  FirstName: John
2022-11-05 05:54:10 -  TransactionType: Pay Bill -  TransID: RKTQDM7W6S -  TransAmount: 10 -  OrgAccountBalance: 49197.00 -  FirstName: John
2022-11-05 08:30:10 -  TransactionType: Pay Bill -  TransID: RKTQDM7W6S -  TransAmount: 10 -  OrgAccountBalance: 49197.00 -  FirstName: John
2022-11-05 08:30:57 -  TransactionType: Pay Bill -  TransID: RKTQDM7W6S -  TransAmount: 10 -  OrgAccountBalance: 49197.00 -  FirstName: John
2022-11-05 08:47:06 -  TransactionType: Pay Bill -  TransID: RKTQDM7W6S -  TransAmount: 10 -  OrgAccountBalance: 49197.00 -  FirstName: John
2022-11-05 08:50:13 -  TransactionType: Pay Bill -  TransID: RKTQDM7W6S -  TransAmount: 10 -  OrgAccountBalance: 49197.00 -  FirstName: John
2022-11-05 08:56:09 -  TransactionType: Pay Bill -  TransID: RKTQDM7W6S -  TransAmount: 10 -  OrgAccountBalance: 49197.00 -  FirstName: John
2022-11-05 09:00:43 -  TransactionType: Pay Bill -  TransID: RKTQDM7W6S -  TransAmount: 10 -  OrgAccountBalance: 49197.00 -  FirstName: John
2022-11-05 09:07:02 -  TransactionType: Pay Bill -  TransID: RKTQDM7W6S -  TransAmount: 10 -  OrgAccountBalance: 49197.00 -  FirstName: John
2022-11-05 09:08:05 -  TransactionType: Pay Bill -  TransID: RKTQDM7W6v -  TransAmount: 10 -  OrgAccountBalance: 49197.00 -  FirstName: John
2022-11-06 10:30:16 -  TransactionType: Pay Bill -  TransID: RKTQDM7W6ppp -  TransAmount: 10 -  OrgAccountBalance: 49197.00 -  FirstName: John
