
2022-10-31 22:38:53 Record Inserted for TransID:N7J8ROBFA6
2022-10-31 22:39:29 Record Inserted for TransID:U8I2C5E3BK
2022-11-04 19:07:48 Record Inserted for TransID:RKTQDM7W6S
2022-11-04 21:03:29Record Inserted for TransID:RKTQDM7W6S
2022-11-04 21:03:40Record Inserted for TransID:RKTQDM7W6S
2022-11-04 21:05:14Record Inserted for TransID:RKTQDM7W6S
2022-11-04 21:07:30Record Inserted for TransID:RKTQDM7W6S
2022-11-04 21:07:54Record Inserted for TransID:RKTQDM7W6S
2022-11-04 21:09:06Record Inserted for TransID:RKTQDM7W6S
2022-11-04 21:09:35Record Inserted for TransID:RKTQDM7W6S
2022-11-04 21:09:58Record Inserted for TransID:RKTQDM7W6S
2022-11-04 21:11:33Record Inserted for TransID:RKTQDM7W6S
2022-11-04 21:12:58Record Inserted for TransID:RKTQDM7W6S
2022-11-04 21:13:35Record Inserted for TransID:RKTQDM7W6S
2022-11-04 21:17:00Record Inserted for TransID:RKTQDM7W6S
2022-11-04 21:17:43Record Inserted for TransID:RKTQDM7W6S
2022-11-04 21:19:13Record Inserted for TransID:RKTQDM7W6S
2022-11-04 21:19:31Record Inserted for TransID:RKTQDM7W6S
2022-11-04 21:19:59Record Inserted for TransID:RKTQDM7W6S
2022-11-05 05:54:02Record Inserted for TransID:RKTQDM7W6S
2022-11-05 05:54:10Record Inserted for TransID:RKTQDM7W6S
2022-11-05 08:30:10Record Inserted for TransID:RKTQDM7W6S
2022-11-05 08:30:57Record Inserted for TransID:RKTQDM7W6S
2022-11-05 08:47:06Record Inserted for TransID:RKTQDM7W6S
2022-11-05 08:50:13Record Inserted for TransID:RKTQDM7W6S
2022-11-05 08:56:09Record Inserted for TransID:RKTQDM7W6S
2022-11-05 09:00:43Record Inserted for TransID:RKTQDM7W6S
2022-11-05 09:07:02Record Inserted for TransID:RKTQDM7W6S
2022-11-05 09:08:05Record Inserted for TransID:RKTQDM7W6v
2022-11-06 10:30:16Record Inserted for TransID:RKTQDM7W6ppp